c:\work\vs_workspace\drv_downloadmanager_cmd\drv_downloadmanager_cmd\x64\debug\vc143.pdb
c:\work\vs_workspace\drv_downloadmanager_cmd\drv_downloadmanager_cmd\x64\debug\vc143.idb
c:\work\vs_workspace\drv_downloadmanager_cmd\drv_downloadmanager_cmd\x64\debug\xmcload_api.obj
c:\work\vs_workspace\drv_downloadmanager_cmd\drv_downloadmanager_cmd\x64\debug\xmcload.obj
c:\work\vs_workspace\drv_downloadmanager_cmd\drv_downloadmanager_cmd\x64\debug\commportdmerror.obj
c:\work\vs_workspace\drv_downloadmanager_cmd\drv_downloadmanager_cmd\x64\debug\drv_downloadmanager_cmd.obj
c:\work\vs_workspace\drv_downloadmanager_cmd\drv_downloadmanager_cmd\x64\debug\commportdm_thread.obj
c:\work\vs_workspace\drv_downloadmanager_cmd\drv_downloadmanager_cmd\x64\debug\commportdm.obj
c:\work\vs_workspace\drv_downloadmanager_cmd\x64\debug\drv_downloadmanager_cmd.exe
c:\work\vs_workspace\drv_downloadmanager_cmd\x64\debug\drv_downloadmanager_cmd.pdb
c:\work\vs_workspace\drv_downloadmanager_cmd\drv_downloadmanager_cmd\x64\debug\drv_downloadmanager_cmd.res
c:\work\vs_workspace\drv_downloadmanager_cmd\drv_downloadmanager_cmd\x64\debug\drv_downloadmanager_cmd.ilk
c:\work\vs_workspace\drv_downloadmanager_cmd\drv_downloadmanager_cmd\x64\debug\drv_down.e447b903.tlog\cl.command.1.tlog
c:\work\vs_workspace\drv_downloadmanager_cmd\drv_downloadmanager_cmd\x64\debug\drv_down.e447b903.tlog\cl.items.tlog
c:\work\vs_workspace\drv_downloadmanager_cmd\drv_downloadmanager_cmd\x64\debug\drv_down.e447b903.tlog\cl.read.1.tlog
c:\work\vs_workspace\drv_downloadmanager_cmd\drv_downloadmanager_cmd\x64\debug\drv_down.e447b903.tlog\cl.write.1.tlog
c:\work\vs_workspace\drv_downloadmanager_cmd\drv_downloadmanager_cmd\x64\debug\drv_down.e447b903.tlog\link.command.1.tlog
c:\work\vs_workspace\drv_downloadmanager_cmd\drv_downloadmanager_cmd\x64\debug\drv_down.e447b903.tlog\link.read.1.tlog
c:\work\vs_workspace\drv_downloadmanager_cmd\drv_downloadmanager_cmd\x64\debug\drv_down.e447b903.tlog\link.secondary.1.tlog
c:\work\vs_workspace\drv_downloadmanager_cmd\drv_downloadmanager_cmd\x64\debug\drv_down.e447b903.tlog\link.write.1.tlog
c:\work\vs_workspace\drv_downloadmanager_cmd\drv_downloadmanager_cmd\x64\debug\drv_down.e447b903.tlog\rc.command.1.tlog
c:\work\vs_workspace\drv_downloadmanager_cmd\drv_downloadmanager_cmd\x64\debug\drv_down.e447b903.tlog\rc.read.1.tlog
c:\work\vs_workspace\drv_downloadmanager_cmd\drv_downloadmanager_cmd\x64\debug\drv_down.e447b903.tlog\rc.write.1.tlog
